2025/11/18 02:31:55 Loading cert from wpr_cert.pem
2025/11/18 02:31:55 Loading key from wpr_key.pem
2025/11/18 02:31:55 Loading archive file from /root/recordings/amazon_address.wprgo
2025/11/18 02:31:55 Opened archive /root/recordings/amazon_address.wprgo
2025/11/18 02:31:55 Loading script from deterministic.js
2025/11/18 02:31:55 Loading script from /root/annotations/amazon_address.js
2025/11/18 02:31:55 Use Ctrl-C to exit.
2025/11/18 02:31:55 Starting server on http://127.0.0.1:8080
2025/11/18 02:31:55 Starting server on https://127.0.0.1:8081
2025/11/18 02:32:00 ServeHTTP(https://www.amazon.com/a/addresses): serving 200 response
2025/11/18 02:32:00 ServeHTTP(https://m.media-amazon.com/images/I/11EIQ5IGqaL._RC%7C01ZTHTZObnL.css,41uFMEFErtL.css,31OSFXVtM5L.css,013z33uKh2L.css,017DsKjNQJL.css,0131vqwP5UL.css,41EWOOlBJ9L.css,11TIuySqr6L.css,01ElnPiDxWL.css,11fJbvhE5HL.css,01Dm5eKVxwL.css,01IdKcBuAdL.css,01y-XAlI+2L.css,21P6CS3L9LL.css,01oDR3IULNL.css,412+GafmYFL.css,01XPHJk60-L.css,01S0vRENeAL.css,21IbH+SoKSL.css,11MrAKjcAKL.css,21fecG8pUzL.css,11a5wZbuKrL.css,01CFUgsA-YL.css,31pHA2U5D9L.css,116t+WD27UL.css,11gKCCKQV+L.css,11061HxnEvL.css,11oHt2HYxnL.css,01j2JE3j7aL.css,11JQtnL-6eL.css,21KA2rMsZML.css,11jtXRmppwL.css,0114z6bAEoL.css,21uwtfqr5aL.css,11QyqG8yiqL.css,11K24eOJg4L.css,11F2+OBzLyL.css,01890+Vwk8L.css,01g+cOYAZgL.css,01cbS3UK11L.css,21F85am0yFL.css,01giMEP+djL.css_.css?AUIClients/AmazonUI): serving 200 response
2025/11/18 02:32:00 ServeHTTP(https://images-na.ssl-images-amazon.com/images/I/41Vqus7iTPL._RC%7C71L8Hbfj+3L.css,41t9WFEErhL.css,11tAtPcKxJL.css,31IK8nB9EAL.css,31YZpDCYJPL.css,21MKjoYL8wL.css,41yQj5y2obL.css,110Nj+wUGYL.css,31OvHRW+XiL.css,01R53xsjpjL.css,11EKggV-DlL.css,41yKpEQVJkL.css,01YWmXMYw8L.css_.css?AUIClients/NavDesktopUberAsset&AwWelf5e): serving 200 response
2025/11/18 02:32:00 ServeHTTP(https://images-na.ssl-images-amazon.com/images/I/21G47QLzPdL.css?AUIClients/YourAccountAddressBookAssets): serving 200 response
2025/11/18 02:32:00 ServeHTTP(https://images-na.ssl-images-amazon.com/images/I/41kj8SjeFhL.css?AUIClients/AddressUIWidgetsServiceAssets): serving 200 response
2025/11/18 02:32:00 ServeHTTP(https://m.media-amazon.com/images/I/01LFiHt-uUL.js?AUIClients/TMCJavascriptAssets): serving 200 response
2025/11/18 02:32:01 ServeHTTP(https://m.media-amazon.com/images/G/01/gno/sprites/nav-sprite-global-1x-reorg-privacy._CB587940754_.png): serving 200 response
2025/11/18 02:32:01 ServeHTTP(https://m.media-amazon.com/images/G/01/personalization/ybh/loading-4x-gray._CB485916920_.gif): serving 200 response
2025/11/18 02:32:01 ServeHTTP(https://images-na.ssl-images-amazon.com/images/I/21yiTnPoHaL.js?AUIClients/YourAccountAddressBookAssets): serving 200 response
2025/11/18 02:32:01 ServeHTTP(https://m.media-amazon.com/images/S/sash/fe2UeLQmJ11kKHN.png): serving 200 response
2025/11/18 02:32:01 ServeHTTP(https://m.media-amazon.com/images/I/61ZS63EQSsL.js?AUIClients/AmazonUIjQuery): serving 200 response
2025/11/18 02:32:01 ServeHTTP(https://m.media-amazon.com/images/I/11Y+5x+kkTL._RC%7C51jfxuELZ4L.js,11yKORv-GTL.js,11GgN1+C7hL.js,01+z+uIeJ-L.js,01VRMV3FBdL.js,21SDJtBU-PL.js,012FVc3131L.js,11rRjDLdAVL.js,516j7qaWchL.js,11kWu3cNjYL.js,11tMohjWmVL.js,11OREnu1epL.js,11r3xGoc2RL.js,21ssiLNIZvL.js,0190vxtlzcL.js,51+N26vFcBL.js,01JYHc2oIlL.js,31nfKXylf6L.js,01ezj5Rkz1L.js,11bEz2VIYrL.js,31o2NGTXThL.js,01rpauTep4L.js,01UrOK220PL.js_.js?AUIClients/AmazonUI): serving 200 response
2025/11/18 02:32:01 ServeHTTP(https://images-na.ssl-images-amazon.com/images/I/71To50dLKfL.js?AUIClients/AddressUIWidgetsServiceAssets&w6/0zvaP): serving 200 response
2025/11/18 02:32:01 ServeHTTP(https://m.media-amazon.com/images/I/51AcmceL-rL.js?AUIClients/CardJsRuntimeBuzzCopyBuild): serving 200 response
2025/11/18 02:32:02 ServeHTTP(https://images-na.ssl-images-amazon.com/images/I/41W974vG8QL._RC%7C71zzjyvEIHL.js,01QvReFeJyL.js,01phmzCOwJL.js,01eOvPdxG7L.js,71RDRWJQQQL.js,41306Iio4NL.js,115pV8Rl02L.js,01+pnQJuQ0L.js,21rDHgaooIL.js,41LFml+7fVL.js,51t-JTxfnwL.js,317BC63dC8L.js,11lEMI5MhIL.js,31c7Fn9h9gL.js,01LEzWzrPZL.js,01AqeWA7PKL.js_.js?AUIClients/NavDesktopUberAsset&lLvq0Ux1): serving 200 response
2025/11/18 02:32:02 ServeHTTP(https://m.media-amazon.com/images/G/01/csm/showads.v2.js?ad_size=-ad-util-&adstype=-ad-sidebar-&advertiser=-ad-banner-): serving 200 response
2025/11/18 02:32:03 ServeHTTP(https://www.amazon.com/rd/uedata?ld&v=0.262538.0&id=SQ5N4RZ04XK7KM37DM2D&sw=1920&sh=1080&vw=1904&vh=961&m=1&sc=SQ5N4RZ04XK7KM37DM2D&ue=0&bb=50&ns=100&ne=200&be=250&fp=68628925317&fcp=68628925317&pc=2200&tc=68628923911&na_=68628923911&ul_=-1694804196000&_ul=-1694804196000&rd_=-1694804196000&_rd=-1694804196000&fe_=68628923953&lk_=68628924012&_lk=68628924013&co_=68628924013&_co=68628924126&sc_=68628924015&rq_=68628924129&rs_=68628924153&_rs=68628924165&dl_=68628924282&di_=68628926999&de_=68628927000&_de=68628927004&_dc=68628927192&ld_=68628927192&_ld=-1694804196000&ntd=68628925005&ty=0&rc=0&hob=0&hoe=0&ld=2200&t=1694804198200&ctb=1&rt=__ld:0-0-0-0-0-0-0&csmtags=aui|aui:aui_build_date:3.23.2-2023-09-11|mutObsYes|ewc:unpersist|ewc:unpersist:emptycart|ewc:bview|ewc|ewc:nonprime|ewc:cartsize:0|ewc:aui|navbar|aui:sw:page_proxy:no_ctrl|fls-na-amazon-com|perfYes|mutObsActive&viz=visible:0&pty=YourAccountAddressBook&spty=AddressBook&pti=undefined&tid=SQ5N4RZ04XK7KM37DM2D&aftb=1&lob=1): serving 200 response
2025/11/18 02:32:03 ServeHTTP(https://images-na.ssl-images-amazon.com/images/I/31bJewCvY-L.js): serving 200 response
2025/11/18 02:32:03 ServeHTTP(https://fls-na.amazon.com/1/batch/1/OP/ATVPDKIKX0DER:144-5515671-3195137:SQ5N4RZ04XK7KM37DM2D$uedata=s:%2Frd%2Fuedata%3Fld%26v%3D0.262538.0%26id%3DSQ5N4RZ04XK7KM37DM2D%26sw%3D1920%26sh%3D1080%26vw%3D1904%26vh%3D961%26m%3D1%26sc%3DSQ5N4RZ04XK7KM37DM2D%26ue%3D0%26bb%3D50%26ns%3D100%26ne%3D200%26be%3D250%26fp%3D68628925317%26fcp%3D68628925317%26pc%3D2200%26tc%3D68628923911%26na_%3D68628923911%26ul_%3D-1694804196000%26_ul%3D-1694804196000%26rd_%3D-1694804196000%26_rd%3D-1694804196000%26fe_%3D68628923953%26lk_%3D68628924012%26_lk%3D68628924013%26co_%3D68628924013%26_co%3D68628924126%26sc_%3D68628924015%26rq_%3D68628924129%26rs_%3D68628924153%26_rs%3D68628924165%26dl_%3D68628924282%26di_%3D68628926999%26de_%3D68628927000%26_de%3D68628927004%26_dc%3D68628927192%26ld_%3D68628927192%26_ld%3D-1694804196000%26ntd%3D68628925005%26ty%3D0%26rc%3D0%26hob%3D0%26hoe%3D0%26ld%3D2200%26t%3D1694804198200%26ctb%3D1%26rt%3D__ld%3A0-0-0-0-0-0-0%26csmtags%3Daui%7Caui%3Aaui_build_date%3A3.23.2-2023-09-11%7CmutObsYes%7Cewc%3Aunpersist%7Cewc%3Aunpersist%3Aemptycart%7Cewc%3Abview%7Cewc%7Cewc%3Anonprime%7Cewc%3Acartsize%3A0%7Cewc%3Aaui%7Cnavbar%7Caui%3Asw%3Apage_proxy%3Ano_ctrl%7Cfls-na-amazon-com%7CperfYes%7CmutObsActive%26viz%3Dvisible%3A0%26pty%3DYourAccountAddressBook%26spty%3DAddressBook%26pti%3Dundefined%26tid%3DSQ5N4RZ04XK7KM37DM2D%26aftb%3D1%26lob%3D1:2300): couldn't find matching request: not found
2025/11/18 02:32:03 ServeHTTP(https://fls-na.amazon.com/1/batch/1/OP/ATVPDKIKX0DER:144-5515671-3195137:SQ5N4RZ04XK7KM37DM2D$uedata=s:%2Frd%2Fuedata%3Fld%26v%3D0.262538.0%26id%3DSQ5N4RZ04XK7KM37DM2D%26sc0%3Daui%3Asw%3Appft%3Acallback_ricb%26bb0%3D0%26pc0%3D250%26ld0%3D250%26t0%3D1694804196250%26sc1%3Dportal-bb%26pc1%3D0%26ld1%3D0%26t1%3D1694804196050%26sc2%3DcsmCELLSframework%26bb2%3D300%26pc2%3D300%26ld2%3D300%26t2%3D1694804196300%26sc3%3DcsmCELLSpdm%26bb3%3D300%26pc3%3D350%26ld3%3D350%26t3%3D1694804196350%26sc4%3DcsmCELLSvpm%26bb4%3D350%26pc4%3D350%26ld4%3D350%26t4%3D1694804196350%26sc5%3DcsmCELLSfem%26bb5%3D350%26pc5%3D350%26ld5%3D350%26t5%3D1694804196350%26sc6%3Due_sushi_v1%26bb6%3D400%26pc6%3D400%26ld6%3D400%26t6%3D1694804196400%26ctb%3D1:2300): couldn't find matching request: not found
2025/11/18 02:32:03 ServeHTTP(https://unagi.amazon.com/1/events/com.amazon.csm.csa.prod): serving 200 response
2025/11/18 02:32:04 ServeHTTP(https://www.amazon.com/rd/uedata?at&v=0.262538.0&id=SQ5N4RZ04XK7KM37DM2D&m=1&sc=adblk_no&pc=2550&at=2550&t=1694804198550&csmtags=adblk_no&pty=YourAccountAddressBook&spty=AddressBook&pti=undefined&tid=SQ5N4RZ04XK7KM37DM2D&aftb=1&lob=1): serving 200 response
2025/11/18 02:32:04 ServeHTTP(https://fls-na.amazon.com/1/batch/1/OP/ATVPDKIKX0DER:144-5515671-3195137:SQ5N4RZ04XK7KM37DM2D$uedata=s:%2Frd%2Fuedata%3Fat%26v%3D0.262538.0%26id%3DSQ5N4RZ04XK7KM37DM2D%26m%3D1%26sc%3Dadblk_no%26pc%3D2550%26at%3D2550%26t%3D1694804198550%26csmtags%3Dadblk_no%26pty%3DYourAccountAddressBook%26spty%3DAddressBook%26pti%3Dundefined%26tid%3DSQ5N4RZ04XK7KM37DM2D%26aftb%3D1%26lob%3D1:2550): couldn't find matching request: not found
2025/11/18 02:32:04 ServeHTTP(https://unagi-na.amazon.com/1/events/com.amazon.csm.nexusclient.prod): serving 200 response
2025/11/18 02:32:04 ServeHTTP(https://s.amazon-adsystem.com/iu3?d=amazon.com&slot=navFooter&a1=01012fffa6ca902a819755f2529b1a9fbb581434d30392ade9914c388f13cd2955d5&a2=010191fc70327086727b873a981758a2a620ac929c50fd2a5a92568341c160ca9587&old_oo=0&ts=1694804240266&s=AeOyRtrEHvLZgwq3wGOa4bat4o3036fjp-k-CbXZC601&gdpr_consent=&gdpr_consent_avl=&cb=1694804240266): serving 200 response
2025/11/18 02:32:05 ServeHTTP(https://s.amazon-adsystem.com/v3/pr?exlist=imdb_sx_n-sk_n-mediarithmics_n-lucid_g_n-visualiq_adelphic&fv=1.0&a=cm&dmt=1&gdpr_consent=): serving 200 response
2025/11/18 02:32:05 ServeHTTP(https://www.amazon.com/favicon.ico): serving 200 response
2025/11/18 02:32:05 ServeHTTP(https://s.amazon-adsystem.com/ecm3?rcode=1&ex=imdb.com): serving 200 response
2025/11/18 02:32:05 ServeHTTP(https://s.amazon-adsystem.com/ecm3?ex=doubleclick.net&google_gid=CAESEM0xVsfyQcydCQfWznCdIkk&google_cver=1): serving 200 response
2025/11/18 02:32:05 ServeHTTP(https://m.media-amazon.com/images/S/sash/pDxWAF1pBB0dzGB.woff2): serving 200 response
2025/11/18 02:32:05 ServeHTTP(https://m.media-amazon.com/images/S/sash/KFPk-9IF4FqAqY-.woff2): serving 200 response
2025/11/18 02:32:05 ServeHTTP(https://m.media-amazon.com/images/S/sash/Dv1WQ5DdeMS5qP7.woff2): serving 200 response
2025/11/18 02:32:05 ServeHTTP(https://m.media-amazon.com/images/S/sash/VjTR4RqBzY0mUYx.woff2): serving 200 response
2025/11/18 02:32:06 ServeHTTP(https://m.media-amazon.com/images/S/sash/WOnTLzkiaEccV7F.woff2): serving 200 response
2025/11/18 02:32:06 ServeHTTP(https://m.media-amazon.com/images/S/sash/2SazJx$EeTHfhMN.woff2): serving 200 response
2025/11/18 02:32:06 ServeHTTP(https://m.media-amazon.com/images/S/sash/ozb5-CLHQWI6Soc.woff2): serving 200 response
2025/11/18 02:32:06 ServeHTTP(https://m.media-amazon.com/images/S/sash/KwhNPG8Jz-Vz2X7.woff2): serving 200 response
2025/11/18 02:32:06 ServeHTTP(https://fls-na.amazon.com/1/batch/1/OP/ATVPDKIKX0DER:144-5515671-3195137:SQ5N4RZ04XK7KM37DM2D$uedata=s:%2Frd%2Fuedata%3Fat%26v%3D0.262538.0%26id%3DSQ5N4RZ04XK7KM37DM2D%26m%3D1%26sc%3Dcsa%3AbrowserQuiteLd%26pc%3D4150%26at%3D4150%26t%3D1694804200150%26csmtags%3Daui%3Asw%3Abrowser%3Aunregister%3Asupported%7CbrowserQuiteLd%26pty%3DYourAccountAddressBook%26spty%3DAddressBook%26pti%3Dundefined%26tid%3DSQ5N4RZ04XK7KM37DM2D%26aftb%3D1%26lob%3D1:4150): couldn't find matching request: not found
2025/11/18 02:32:06 ServeHTTP(https://fls-na.amazon.com/1/batch/1/OE/): serving 204 response
2025/11/18 02:32:06 ServeHTTP(https://www.amazon.com/hz/rhf?currentPageType=YourAccountAddressBook&currentSubPageType=AddressBook&excludeAsin=&fieldKeywords=&k=&keywords=&search=&auditEnabled=&previewCampaigns=&forceWidgets=&searchAlias=&isAUI=1&cardJSPresent=true&pageUrl=%2Fa%2Faddresses): serving 200 response
2025/11/18 02:32:06 ServeHTTP(https://fls-na.amazon.com/1/batch/1/OE/): serving 204 response
2025/11/18 02:32:06 ServeHTTP(https://fls-na.amazon.com/1/batch/1/OE/): serving 204 response
2025/11/18 02:32:07 ServeHTTP(https://fls-na.amazon.com/1/batch/1/OE/): serving 204 response
2025/11/18 02:32:07 ServeHTTP(https://fls-na.amazon.com/1/batch/1/OE/): serving 204 response
2025/11/18 02:32:07 ServeHTTP(https://images-na.ssl-images-amazon.com/images/I/518cRYanpbL._AC_UL160_SR160,160_.jpg): serving 200 response
2025/11/18 02:32:07 ServeHTTP(https://m.media-amazon.com/images/I/216-OX9rBaL._SS72_.png): serving 200 response
2025/11/18 02:32:07 ServeHTTP(https://m.media-amazon.com/images/I/31FqTrWUyTL._SS180_.png): serving 200 response
2025/11/18 02:32:07 ServeHTTP(https://images-na.ssl-images-amazon.com/images/I/41Xfz3eizpL._AC_UL160_SR160,160_.jpg): serving 200 response
2025/11/18 02:32:07 ServeHTTP(https://fls-na.amazon.com/1/batch/1/OE/): serving 204 response
2025/11/18 02:32:07 ServeHTTP(https://images-na.ssl-images-amazon.com/images/I/41GYmjbeVSL._AC_UL160_SR160,160_.jpg): serving 200 response
2025/11/18 02:32:07 ServeHTTP(https://images-na.ssl-images-amazon.com/images/I/41xQKlqYxNL._AC_UL160_SR160,160_.jpg): serving 200 response
2025/11/18 02:32:07 ServeHTTP(https://images-na.ssl-images-amazon.com/images/I/51+HSOOoOQL._AC_UL160_SR160,160_.jpg): serving 200 response
2025/11/18 02:32:07 ServeHTTP(https://images-na.ssl-images-amazon.com/images/I/71IAZrrxIOL._AC_UL160_SR160,160_.jpg): serving 200 response
2025/11/18 02:32:07 ServeHTTP(https://images-na.ssl-images-amazon.com/images/I/71IeAu2kDNL._AC_UL160_SR160,160_.jpg): serving 200 response
2025/11/18 02:32:07 ServeHTTP(https://images-na.ssl-images-amazon.com/images/I/811W12m6w8L._AC_UL160_SR160,160_.jpg): serving 200 response
2025/11/18 02:32:07 ServeHTTP(https://m.media-amazon.com/images/S/sash/McBZv0ZvnbehkIx.png): serving 200 response
2025/11/18 02:32:07 ServeHTTP(https://m.media-amazon.com/images/S/sash/ouR9NRElwmzAIev.png): serving 200 response
2025/11/18 02:32:07 ServeHTTP(https://images-na.ssl-images-amazon.com/images/I/61mzlX3ucxL._AC_UL160_SR160,160_.jpg): serving 200 response
2025/11/18 02:32:07 ServeHTTP(https://images-na.ssl-images-amazon.com/images/I/71wuOV6vrQL._AC_UL160_SR160,160_.jpg): serving 200 response
2025/11/18 02:32:07 ServeHTTP(https://images-na.ssl-images-amazon.com/images/I/81ow+3OuHDL._AC_UL160_SR160,160_.jpg): serving 200 response
2025/11/18 02:32:07 ServeHTTP(https://images-na.ssl-images-amazon.com/images/I/41+TrTPcdtL._AC_UL160_SR160,160_.jpg): serving 200 response
2025/11/18 02:32:07 ServeHTTP(https://images-na.ssl-images-amazon.com/images/I/41lLBXd-5YL._AC_UL100_SR100,100_.jpg): serving 200 response
2025/11/18 02:32:07 ServeHTTP(https://dr3fr5q4g2ul9.cloudfront.net/?08310831-0831-0831-0831-083108310831): serving 200 response
2025/11/18 02:32:07 ServeHTTP(https://d2ef20sk9hi1u3.cloudfront.net/?08310831-0831-0831-0831-083108310831): serving 200 response
2025/11/18 02:32:08 ServeHTTP(https://fls-na.amazon.com/1/batch/1/OE/): serving 204 response
2025/11/18 02:32:08 ServeHTTP(https://fls-na.amazon.com/1/batch/1/OE/): serving 204 response
2025/11/18 02:32:08 ServeHTTP(https://fls-na.amazon.com/1/batch/1/OE/): serving 204 response
2025/11/18 02:32:08 ServeHTTP(https://fls-na.amazon.com/1/batch/1/OE/): serving 204 response
2025/11/18 02:32:08 ServeHTTP(https://fls-na.amazon.com/1/batch/1/OP/ATVPDKIKX0DER:144-5515671-3195137:SQ5N4RZ04XK7KM37DM2D$uedata=s:%2Frd%2Fuedata%3Fat%26v%3D0.262538.0%26id%3DSQ5N4RZ04XK7KM37DM2D%26m%3D1%26sc%3Dcsa%3AstartVL%26pc%3D6350%26at%3D6350%26t%3D1694804202350%26ec%3D7%26ecf%3D6%26csmtags%3DstartVL%26pty%3DYourAccountAddressBook%26spty%3DAddressBook%26pti%3Dundefined%26tid%3DSQ5N4RZ04XK7KM37DM2D%26aftb%3D1%26lob%3D1:6450): couldn't find matching request: not found
2025/11/18 02:32:08 ServeHTTP(https://fls-na.amazon.com/1/batch/1/OP/ATVPDKIKX0DER:144-5515671-3195137:SQ5N4RZ04XK7KM37DM2D$uedata=s:%2Frd%2Fuedata%3Fat%26v%3D0.262538.0%26id%3DSQ5N4RZ04XK7KM37DM2D%26m%3D1%26sc%3Dcsa%3Avl50%26vl50%3D68628923911%26pc%3D6600%26at%3D6600%26t%3D1694804202600%26pty%3DYourAccountAddressBook%26spty%3DAddressBook%26pti%3Dundefined%26tid%3DSQ5N4RZ04XK7KM37DM2D%26aftb%3D1%26lob%3D1:6700): couldn't find matching request: not found
2025/11/18 02:32:08 ScriptInjector(https://www.amazon.com/cross_border_interstitial/render): no start tags found, skip injecting script
2025/11/18 02:32:08 ScriptInjector(https://www.amazon.com/cross_border_interstitial/render): no start tags found, skip injecting script
2025/11/18 02:32:08 ServeHTTP(https://www.amazon.com/cross_border_interstitial/render): serving 200 response
2025/11/18 02:32:09 ServeHTTP(https://m.media-amazon.com/images/G/01/javascripts/lib/popover/images/snake._CB485935611_.gif): serving 200 response
2025/11/18 02:32:09 ServeHTTP(https://www.amazon.com/rd/uedata?rid=SQ5N4RZ04XK7KM37DM2D&sid=144-5515671-3195137&rx=08g1G6SKW1SLafVaVvQspA): serving 200 response
2025/11/18 02:32:10 ServeHTTP(https://completion.amazon.com/api/2017/suggestions): serving 204 response
2025/11/18 02:32:10 ServeHTTP(https://unagi-na.amazon.com/1/events/com.amazon.csm.nexusclient.prod): serving 200 response
2025/11/18 02:32:11 ServeHTTP(https://unagi.amazon.com/1/events/com.amazon.csm.csa.prod): serving 200 response
2025/11/18 02:32:12 ServeHTTP(https://fls-na.amazon.com/1/remote-weblab-triggers/1/OE/ATVPDKIKX0DER:144-5515671-3195137:SQ5N4RZ04XK7KM37DM2D$s:wl-client-id%3DCSMTriger%2Cwl%3DUEDATA_AA_SERVERSIDE_ASSIGNMENT_CLIENTSIDE_TRIGGER_190249%2FC:1234): serving 204 response
2025/11/18 02:32:13 ServeHTTP(https://unagi.amazon.com/1/events/com.amazon.eel.SearchAutocompleteUIServiceMetrics.nexus): serving 200 response
2025/11/18 02:32:13 ServeHTTP(https://unagi.amazon.com/1/events/com.amazon.eel.SearchAutocompleteUIServiceMetrics.nexus): serving 200 response
2025/11/18 02:32:13 ServeHTTP(https://www.amazon.com/rd/uedata?at&v=0.262538.0&id=SQ5N4RZ04XK7KM37DM2D&ctb=1&m=1&sc=SQ5N4RZ04XK7KM37DM2D&pc=13250&at=13250&t=1694804209250&ec=8&ecf=7&pty=YourAccountAddressBook&spty=AddressBook&pti=undefined&tid=SQ5N4RZ04XK7KM37DM2D&aftb=1&lob=1): serving 200 response
2025/11/18 02:32:13 ServeHTTP(https://fls-na.amazon.com/1/batch/1/OP/ATVPDKIKX0DER:144-5515671-3195137:SQ5N4RZ04XK7KM37DM2D$uedata=s:%2Frd%2Fuedata%3Fat%26v%3D0.262538.0%26id%3DSQ5N4RZ04XK7KM37DM2D%26ctb%3D1%26m%3D1%26sc%3DSQ5N4RZ04XK7KM37DM2D%26pc%3D13250%26at%3D13250%26t%3D1694804209250%26ec%3D8%26ecf%3D7%26pty%3DYourAccountAddressBook%26spty%3DAddressBook%26pti%3Dundefined%26tid%3DSQ5N4RZ04XK7KM37DM2D%26aftb%3D1%26lob%3D1:13250): couldn't find matching request: not found
2025/11/18 02:32:14 ServeHTTP(https://fls-na.amazon.com/1/batch/1/OE/): serving 204 response
2025/11/18 02:32:17 ServeHTTP(https://unagi.amazon.com/1/events/com.amazon.csm.csa.prod): serving 200 response
2025/11/18 02:32:30 ServeHTTP(https://fls-na.amazon.com/1/batch/1/OE/): serving 204 response
2025/11/18 02:33:01 ServeHTTP(https://fls-na.amazon.com/1/batch/1/OE/): serving 204 response
2025/11/18 02:33:09 ServeHTTP(https://unagi.amazon.com/1/events/com.amazon.csm.csa.prod): serving 200 response
2025/11/18 02:33:09 ServeHTTP(https://unagi.amazon.com/1/events/com.amazon.csm.csa.prod): serving 200 response
2025/11/18 02:33:09 ServeHTTP(https://fls-na.amazon.com/1/batch/1/OE/): serving 204 response
2025/11/18 02:33:09 ServeHTTP(https://www.amazon.com/rd/uedata?rid=SQ5N4RZ04XK7KM37DM2D&sid=144-5515671-3195137&rx=hhmydtl7OMyDlIwdIQsufnjIWfvknGdpsNtQKE+vtMM): serving 200 response
